<?xml version="1.0" encoding="UTF-8"?>
<testsuite name="com.example.demo.controller.UserControllerTest" tests="1" skipped="0" failures="0" errors="0" timestamp="2023-04-04T18:25:41" hostname="LAPTOP-I8O1TOJ1" time="0.819">
  <properties/>
  <testcase name="Given_Pets_Search_By_Document_When_New_Search_Done_Then_Return_List_Size_As_One()" classname="com.example.demo.controller.UserControllerTest" time="0.819"/>
  <system-out><![CDATA[]]></system-out>
  <system-err><![CDATA[]]></system-err>
</testsuite>
